<?xml version="1.0" encoding="UTF-8"?>
<testng-results skipped="0" failed="0" total="2" passed="2">
  <reporter-output>
  </reporter-output>
  <suite name="Default suite" duration-ms="9861" started-at="2017-04-24T19:03:43Z" finished-at="2017-04-24T19:03:53Z">
    <groups>
    </groups>
    <test name="Default test" duration-ms="9861" started-at="2017-04-24T19:03:43Z" finished-at="2017-04-24T19:03:53Z">
      <class name="demotest">
        <test-method status="PASS" signature="testApp()[pri:0, instance:demotest@51565ec2]" name="testApp" duration-ms="1" started-at="2017-04-24T12:03:53Z" finished-at="2017-04-24T12:03:53Z">
          <reporter-output>
          </reporter-output>
        </test-method> <!-- testApp -->
      </class> <!-- demotest -->
      <class name="demo2test">
        <test-method status="PASS" signature="testApp()[pri:0, instance:demo2test@68be2bc2]" name="testApp" duration-ms="9845" started-at="2017-04-24T12:03:43Z" finished-at="2017-04-24T12:03:53Z">
          <reporter-output>
          </reporter-output>
        </test-method> <!-- testApp -->
      </class> <!-- demo2test -->
    </test> <!-- Default test -->
  </suite> <!-- Default suite -->
</testng-results>
